[INFO] Disabling enhanced local repository: using legacy is strongly discouraged to ensure build reproducibility.
[INFO] Scanning for projects...
[INFO] 
[INFO] ---------------< org.example.dev.job:MASTERFILE_PRICES >----------------
[INFO] Building DEV MASTERFILE_PRICES-0.34.0 (0.34,Jobs) 0.34.0
[INFO] --------------------------------[ jar ]---------------------------------
[WARNING] The POM for javax.xml.bind:jaxb-api:jar:2.3.1 is missing, no dependency information available
[WARNING] The POM for javax.xml.ws:jaxws-api:jar:2.3.1 is missing, no dependency information available
[WARNING] The POM for commons-collections:commons-collections:jar:3.2.2 is missing, no dependency information available
[INFO] 
[INFO] --- maven-resources-plugin:3.0.2:resources (default-resources) @ MASTERFILE_PRICES ---
[WARNING] Using platform encoding (UTF-8 actually) to copy filtered resources, i.e. build is platform dependent!
[INFO] Copying 2 resources
[INFO] 
[INFO] --- maven-compiler-plugin:3.6.1:compile (default-compile) @ MASTERFILE_PRICES ---
[WARNING] The POM for org.eclipse.platform:org.eclipse.osgi:jar:3.13.300 is missing, no dependency information available
[WARNING] The POM for org.apache.commons:commons-exec:jar:1.2 is missing, no dependency information available
[INFO] Not compiling main sources
[INFO] 
[INFO] --- maven-resources-plugin:3.0.2:testResources (default-testResources) @ MASTERFILE_PRICES ---
[INFO] Not copying test resources
[INFO] 
[INFO] --- maven-compiler-plugin:3.6.1:testCompile (default-testCompile) @ MASTERFILE_PRICES ---
[INFO] Not compiling test sources
[INFO] 
[INFO] --- maven-surefire-plugin:2.20:test (default-test) @ MASTERFILE_PRICES ---
[INFO] Tests are skipped.
[INFO] 
[INFO] --- maven-jar-plugin:3.0.2:jar (default-jar) @ MASTERFILE_PRICES ---
[INFO] Building jar: C:\TALEND\TOS_DI-20191031_1204-V7.3.1M3\workspace\DEV\poms\jobs\process\masterfile_prices_0.34\target\masterfile_prices_0_34.jar
[INFO] 
[INFO] --- maven-assembly-plugin:3.0.0:single (default) @ MASTERFILE_PRICES ---
[INFO] Reading assembly descriptor: C:\TALEND\TOS_DI-20191031_1204-V7.3.1M3\workspace\DEV\poms\jobs\process\masterfile_prices_0.34/src/main/assemblies/assembly.xml
[WARNING] Missing POM for javax.xml.bind:jaxb-api:jar:2.3.1
[WARNING] Missing POM for javax.xml.ws:jaxws-api:jar:2.3.1
[WARNING] Missing POM for commons-collections:commons-collections:jar:3.2.2
[WARNING] The POM for org.apache.felix:maven-bundle-plugin:jar:2.1.0 is missing, no dependency information available
[INFO] Building zip: C:\TALEND\TOS_DI-20191031_1204-V7.3.1M3\workspace\DEV\poms\jobs\process\masterfile_prices_0.34\target\masterfile_prices_0_34.zip
[INFO] ------------------------------------------------------------------------
[INFO] BUILD SUCCESS
[INFO] ------------------------------------------------------------------------
[INFO] Total time: 3.857 s
[INFO] Finished at: 2022-11-29T09:18:23+01:00
[INFO] ------------------------------------------------------------------------
