[INFO] Scanning for projects...
[INFO] 
[INFO] -----------< org.example.dev.job:MASTERFILE_INTEGRATION_BDD >-----------
[INFO] Building DEV MASTERFILE_INTEGRATION_BDD-0.36.0 (0.36,Jobs) 0.36.0
[INFO] --------------------------------[ jar ]---------------------------------
[WARNING] The POM for org.talend.libraries:mssql-jdbc:jar:6.0.0 is missing, no dependency information available
[WARNING] The POM for org.talend.libraries:jboss-serialization:jar:6.0.0 is missing, no dependency information available
[WARNING] The POM for net.sf.json-lib:json-lib:jar:2.4.3-talend is missing, no dependency information available
[WARNING] The POM for org.talend.libraries:trove:jar:6.0.0 is missing, no dependency information available
[WARNING] The POM for org.talend.components:components-api:jar:0.28.0-SNAPSHOT is missing, no dependency information available
[WARNING] The POM for org.talend.components:components-common:jar:0.28.0-SNAPSHOT is missing, no dependency information available
[WARNING] The POM for org.talend.components:components-common-oauth:jar:0.28.0-SNAPSHOT is missing, no dependency information available
[WARNING] The POM for org.talend.components:components-salesforce-definition:jar:0.28.0-SNAPSHOT is missing, no dependency information available
[WARNING] The POM for org.talend.components:components-salesforce-runtime:jar:0.28.0-SNAPSHOT is missing, no dependency information available
[WARNING] The POM for org.talend.daikon:daikon:jar:0.31.8 is missing, no dependency information available
[WARNING] The POM for org.talend.daikon:daikon-exception:jar:0.31.8 is missing, no dependency information available
[WARNING] The POM for org.codehaus.jackson:jackson-core-asl:jar:1.9.14-TALEND is missing, no dependency information available
[WARNING] The POM for org.codehaus.jackson:jackson-mapper-asl:jar:1.9.14-TALEND is missing, no dependency information available
[WARNING] The POM for com.cedarsoftware:json-io:jar:4.9.9-TALEND is missing, no dependency information available
[WARNING] The POM for org.talend.components.lib:talend-proxy:jar:1.0.0 is missing, no dependency information available
[INFO] 
[INFO] --- maven-resources-plugin:3.0.2:resources (default-resources) @ MASTERFILE_INTEGRATION_BDD ---
[WARNING] Using platform encoding (UTF-8 actually) to copy filtered resources, i.e. build is platform dependent!
[INFO] Copying 2 resources
[INFO] 
[INFO] --- maven-compiler-plugin:3.6.1:compile (default-compile) @ MASTERFILE_INTEGRATION_BDD ---
[INFO] Not compiling main sources
[INFO] 
[INFO] --- maven-resources-plugin:3.0.2:testResources (default-testResources) @ MASTERFILE_INTEGRATION_BDD ---
[INFO] Not copying test resources
[INFO] 
[INFO] --- maven-compiler-plugin:3.6.1:testCompile (default-testCompile) @ MASTERFILE_INTEGRATION_BDD ---
[INFO] Not compiling test sources
[INFO] 
[INFO] --- maven-surefire-plugin:2.20:test (default-test) @ MASTERFILE_INTEGRATION_BDD ---
[INFO] Tests are skipped.
[INFO] 
[INFO] --- maven-jar-plugin:3.0.2:jar (default-jar) @ MASTERFILE_INTEGRATION_BDD ---
[INFO] Building jar: C:\TALEND\TOS_DI-20191031_1204-V7.3.1M3\workspace\DEV\poms\jobs\process\masterfile_integration_bdd_0.36\target\masterfile_integration_bdd_0_36.jar
[INFO] 
[INFO] --- maven-assembly-plugin:3.0.0:single (default) @ MASTERFILE_INTEGRATION_BDD ---
[INFO] Reading assembly descriptor: C:\TALEND\TOS_DI-20191031_1204-V7.3.1M3\workspace\DEV\poms\jobs\process\masterfile_integration_bdd_0.36/src/main/assemblies/assembly.xml
[WARNING] Missing POM for org.talend.libraries:mssql-jdbc:jar:6.0.0
[WARNING] Missing POM for org.talend.libraries:jboss-serialization:jar:6.0.0
[WARNING] Missing POM for net.sf.json-lib:json-lib:jar:2.4.3-talend
[WARNING] Missing POM for org.talend.libraries:trove:jar:6.0.0
[WARNING] Missing POM for org.talend.components:components-api:jar:0.28.0-SNAPSHOT
[WARNING] Missing POM for org.talend.components:components-common:jar:0.28.0-SNAPSHOT
[WARNING] Missing POM for org.talend.components:components-common-oauth:jar:0.28.0-SNAPSHOT
[WARNING] Missing POM for org.talend.components:components-salesforce-definition:jar:0.28.0-SNAPSHOT
[WARNING] Missing POM for org.talend.components:components-salesforce-runtime:jar:0.28.0-SNAPSHOT
[WARNING] Missing POM for org.talend.daikon:daikon:jar:0.31.8
[WARNING] Missing POM for org.talend.daikon:daikon-exception:jar:0.31.8
[WARNING] Missing POM for org.codehaus.jackson:jackson-core-asl:jar:1.9.14-TALEND
[WARNING] Missing POM for org.codehaus.jackson:jackson-mapper-asl:jar:1.9.14-TALEND
[WARNING] Missing POM for com.cedarsoftware:json-io:jar:4.9.9-TALEND
[WARNING] Missing POM for org.talend.components.lib:talend-proxy:jar:1.0.0
[INFO] Downloading from : https://oss.sonatype.org/content/repositories/snapshots/org/talend/components/components-api/0.28.0-SNAPSHOT/maven-metadata.xml
[INFO] Downloading from : http://repository.apache.org/snapshots/org/talend/components/components-api/0.28.0-SNAPSHOT/maven-metadata.xml
[INFO] Downloading from : http://repository.apache.org/snapshots/org/talend/components/components-api/0.28.0-SNAPSHOT/components-api-0.28.0-SNAPSHOT.pom
[INFO] Downloading from : https://oss.sonatype.org/content/repositories/snapshots/org/talend/components/components-api/0.28.0-SNAPSHOT/components-api-0.28.0-SNAPSHOT.pom
[INFO] Downloading from : https://oss.sonatype.org/content/repositories/snapshots/org/talend/components/components-common/0.28.0-SNAPSHOT/maven-metadata.xml
[INFO] Downloading from : http://repository.apache.org/snapshots/org/talend/components/components-common/0.28.0-SNAPSHOT/maven-metadata.xml
[INFO] Downloading from : http://repository.apache.org/snapshots/org/talend/components/components-common/0.28.0-SNAPSHOT/components-common-0.28.0-SNAPSHOT.pom
[INFO] Downloading from : https://oss.sonatype.org/content/repositories/snapshots/org/talend/components/components-common/0.28.0-SNAPSHOT/components-common-0.28.0-SNAPSHOT.pom
[INFO] Downloading from : http://repository.apache.org/snapshots/org/talend/components/components-common-oauth/0.28.0-SNAPSHOT/maven-metadata.xml
[INFO] Downloading from : https://oss.sonatype.org/content/repositories/snapshots/org/talend/components/components-common-oauth/0.28.0-SNAPSHOT/maven-metadata.xml
[INFO] Downloading from : http://repository.apache.org/snapshots/org/talend/components/components-common-oauth/0.28.0-SNAPSHOT/components-common-oauth-0.28.0-SNAPSHOT.pom
[INFO] Downloading from : https://oss.sonatype.org/content/repositories/snapshots/org/talend/components/components-common-oauth/0.28.0-SNAPSHOT/components-common-oauth-0.28.0-SNAPSHOT.pom
[INFO] Downloading from : https://oss.sonatype.org/content/repositories/snapshots/org/talend/components/components-salesforce-definition/0.28.0-SNAPSHOT/maven-metadata.xml
[INFO] Downloading from : http://repository.apache.org/snapshots/org/talend/components/components-salesforce-definition/0.28.0-SNAPSHOT/maven-metadata.xml
[INFO] Downloading from : http://repository.apache.org/snapshots/org/talend/components/components-salesforce-definition/0.28.0-SNAPSHOT/components-salesforce-definition-0.28.0-SNAPSHOT.pom
[INFO] Downloading from : https://oss.sonatype.org/content/repositories/snapshots/org/talend/components/components-salesforce-definition/0.28.0-SNAPSHOT/components-salesforce-definition-0.28.0-SNAPSHOT.pom
[INFO] Downloading from : https://oss.sonatype.org/content/repositories/snapshots/org/talend/components/components-salesforce-runtime/0.28.0-SNAPSHOT/maven-metadata.xml
[INFO] Downloading from : http://repository.apache.org/snapshots/org/talend/components/components-salesforce-runtime/0.28.0-SNAPSHOT/maven-metadata.xml
[INFO] Downloading from : http://repository.apache.org/snapshots/org/talend/components/components-salesforce-runtime/0.28.0-SNAPSHOT/components-salesforce-runtime-0.28.0-SNAPSHOT.pom
[INFO] Downloading from : https://oss.sonatype.org/content/repositories/snapshots/org/talend/components/components-salesforce-runtime/0.28.0-SNAPSHOT/components-salesforce-runtime-0.28.0-SNAPSHOT.pom
[INFO] Building zip: C:\TALEND\TOS_DI-20191031_1204-V7.3.1M3\workspace\DEV\poms\jobs\process\masterfile_integration_bdd_0.36\target\masterfile_integration_bdd_0_36.zip
[INFO] ------------------------------------------------------------------------
[INFO] BUILD SUCCESS
[INFO] ------------------------------------------------------------------------
[INFO] Total time: 28.171 s
[INFO] Finished at: 2023-02-03T11:16:45+01:00
[INFO] ------------------------------------------------------------------------
