[INFO] Scanning for projects...
[INFO] 
[INFO] ---------------< org.example.dev.job:TRANSFORMATION_OSG >---------------
[INFO] Building DEV TRANSFORMATION_OSG-0.42.0 (0.42,Jobs) 0.42.0
[INFO] --------------------------------[ jar ]---------------------------------
[WARNING] The POM for org.talend.libraries:mssql-jdbc:jar:6.0.0 is missing, no dependency information available
[WARNING] The POM for org.talend.components:components-api:jar:0.28.0-SNAPSHOT is missing, no dependency information available
[WARNING] The POM for org.talend.components:components-common:jar:0.28.0-SNAPSHOT is missing, no dependency information available
[WARNING] The POM for org.talend.components:components-common-oauth:jar:0.28.0-SNAPSHOT is missing, no dependency information available
[WARNING] The POM for org.talend.components:components-salesforce-definition:jar:0.28.0-SNAPSHOT is missing, no dependency information available
[WARNING] The POM for org.talend.components:components-salesforce-runtime:jar:0.28.0-SNAPSHOT is missing, no dependency information available
[WARNING] The POM for org.talend.daikon:daikon:jar:0.31.8 is missing, no dependency information available
[WARNING] The POM for org.talend.daikon:daikon-exception:jar:0.31.8 is missing, no dependency information available
[WARNING] The POM for org.codehaus.jackson:jackson-core-asl:jar:1.9.14-TALEND is missing, no dependency information available
[WARNING] The POM for org.codehaus.jackson:jackson-mapper-asl:jar:1.9.14-TALEND is missing, no dependency information available
[WARNING] The POM for com.cedarsoftware:json-io:jar:4.9.9-TALEND is missing, no dependency information available
[WARNING] The POM for org.talend.components.lib:talend-proxy:jar:1.0.0 is missing, no dependency information available
[INFO] 
[INFO] --- maven-resources-plugin:3.0.2:resources (default-resources) @ TRANSFORMATION_OSG ---
[WARNING] Using platform encoding (UTF-8 actually) to copy filtered resources, i.e. build is platform dependent!
[INFO] Copying 3 resources
[INFO] 
[INFO] --- maven-compiler-plugin:3.6.1:compile (default-compile) @ TRANSFORMATION_OSG ---
[INFO] Not compiling main sources
[INFO] 
[INFO] --- maven-resources-plugin:3.0.2:testResources (default-testResources) @ TRANSFORMATION_OSG ---
[INFO] Not copying test resources
[INFO] 
[INFO] --- maven-compiler-plugin:3.6.1:testCompile (default-testCompile) @ TRANSFORMATION_OSG ---
[INFO] Not compiling test sources
[INFO] 
[INFO] --- maven-surefire-plugin:2.20:test (default-test) @ TRANSFORMATION_OSG ---
[INFO] Tests are skipped.
[INFO] 
[INFO] --- maven-jar-plugin:3.0.2:jar (default-jar) @ TRANSFORMATION_OSG ---
[INFO] Building jar: C:\TALEND\TOS_DI-20191031_1204-V7.3.1M3\workspace\DEV\poms\jobs\process\OSG\transformation_osg_0.42\target\transformation_osg_0_42.jar
[INFO] 
[INFO] --- maven-assembly-plugin:3.0.0:single (default) @ TRANSFORMATION_OSG ---
[INFO] Reading assembly descriptor: C:\TALEND\TOS_DI-20191031_1204-V7.3.1M3\workspace\DEV\poms\jobs\process\OSG\transformation_osg_0.42/src/main/assemblies/assembly.xml
[WARNING] Missing POM for org.talend.libraries:mssql-jdbc:jar:6.0.0
[WARNING] Missing POM for org.talend.components:components-api:jar:0.28.0-SNAPSHOT
[WARNING] Missing POM for org.talend.components:components-common:jar:0.28.0-SNAPSHOT
[WARNING] Missing POM for org.talend.components:components-common-oauth:jar:0.28.0-SNAPSHOT
[WARNING] Missing POM for org.talend.components:components-salesforce-definition:jar:0.28.0-SNAPSHOT
[WARNING] Missing POM for org.talend.components:components-salesforce-runtime:jar:0.28.0-SNAPSHOT
[WARNING] Missing POM for org.talend.daikon:daikon:jar:0.31.8
[WARNING] Missing POM for org.talend.daikon:daikon-exception:jar:0.31.8
[WARNING] Missing POM for org.codehaus.jackson:jackson-core-asl:jar:1.9.14-TALEND
[WARNING] Missing POM for org.codehaus.jackson:jackson-mapper-asl:jar:1.9.14-TALEND
[WARNING] Missing POM for com.cedarsoftware:json-io:jar:4.9.9-TALEND
[WARNING] Missing POM for org.talend.components.lib:talend-proxy:jar:1.0.0
[INFO] Downloading from : https://oss.sonatype.org/content/repositories/snapshots/org/talend/components/components-api/0.28.0-SNAPSHOT/maven-metadata.xml
[INFO] Downloading from : https://repository.apache.org/snapshots/org/talend/components/components-api/0.28.0-SNAPSHOT/maven-metadata.xml
[INFO] Downloading from : https://repository.apache.org/snapshots/org/talend/components/components-api/0.28.0-SNAPSHOT/components-api-0.28.0-SNAPSHOT.pom
[INFO] Downloading from : https://oss.sonatype.org/content/repositories/snapshots/org/talend/components/components-api/0.28.0-SNAPSHOT/components-api-0.28.0-SNAPSHOT.pom
[INFO] Downloading from : https://repository.apache.org/snapshots/org/talend/components/components-common/0.28.0-SNAPSHOT/maven-metadata.xml
[INFO] Downloading from : https://oss.sonatype.org/content/repositories/snapshots/org/talend/components/components-common/0.28.0-SNAPSHOT/maven-metadata.xml
[INFO] Downloading from : https://repository.apache.org/snapshots/org/talend/components/components-common/0.28.0-SNAPSHOT/components-common-0.28.0-SNAPSHOT.pom
[INFO] Downloading from : https://oss.sonatype.org/content/repositories/snapshots/org/talend/components/components-common/0.28.0-SNAPSHOT/components-common-0.28.0-SNAPSHOT.pom
[INFO] Downloading from : https://repository.apache.org/snapshots/org/talend/components/components-common-oauth/0.28.0-SNAPSHOT/maven-metadata.xml
[INFO] Downloading from : https://oss.sonatype.org/content/repositories/snapshots/org/talend/components/components-common-oauth/0.28.0-SNAPSHOT/maven-metadata.xml
[INFO] Downloading from : https://repository.apache.org/snapshots/org/talend/components/components-common-oauth/0.28.0-SNAPSHOT/components-common-oauth-0.28.0-SNAPSHOT.pom
[INFO] Downloading from : https://oss.sonatype.org/content/repositories/snapshots/org/talend/components/components-common-oauth/0.28.0-SNAPSHOT/components-common-oauth-0.28.0-SNAPSHOT.pom
[INFO] Downloading from : https://repository.apache.org/snapshots/org/talend/components/components-salesforce-definition/0.28.0-SNAPSHOT/maven-metadata.xml
[INFO] Downloading from : https://oss.sonatype.org/content/repositories/snapshots/org/talend/components/components-salesforce-definition/0.28.0-SNAPSHOT/maven-metadata.xml
[INFO] Downloading from : https://repository.apache.org/snapshots/org/talend/components/components-salesforce-definition/0.28.0-SNAPSHOT/components-salesforce-definition-0.28.0-SNAPSHOT.pom
[INFO] Downloading from : https://oss.sonatype.org/content/repositories/snapshots/org/talend/components/components-salesforce-definition/0.28.0-SNAPSHOT/components-salesforce-definition-0.28.0-SNAPSHOT.pom
[INFO] Downloading from : https://oss.sonatype.org/content/repositories/snapshots/org/talend/components/components-salesforce-runtime/0.28.0-SNAPSHOT/maven-metadata.xml
[INFO] Downloading from : https://repository.apache.org/snapshots/org/talend/components/components-salesforce-runtime/0.28.0-SNAPSHOT/maven-metadata.xml
[INFO] Downloading from : https://repository.apache.org/snapshots/org/talend/components/components-salesforce-runtime/0.28.0-SNAPSHOT/components-salesforce-runtime-0.28.0-SNAPSHOT.pom
[INFO] Downloading from : https://oss.sonatype.org/content/repositories/snapshots/org/talend/components/components-salesforce-runtime/0.28.0-SNAPSHOT/components-salesforce-runtime-0.28.0-SNAPSHOT.pom
[INFO] Building zip: C:\TALEND\TOS_DI-20191031_1204-V7.3.1M3\workspace\DEV\poms\jobs\process\OSG\transformation_osg_0.42\target\transformation_osg_0_42.zip
[INFO] ------------------------------------------------------------------------
[INFO] BUILD SUCCESS
[INFO] ------------------------------------------------------------------------
[INFO] Total time: 25.351 s
[INFO] Finished at: 2023-05-26T10:18:31+02:00
[INFO] ------------------------------------------------------------------------
