[INFO] Disabling enhanced local repository: using legacy is strongly discouraged to ensure build reproducibility.
[INFO] Scanning for projects...
[INFO] 
[INFO] ----------------< org.example.dev.job:BUY_INTEGRATION >-----------------
[INFO] Building DEV BUY_INTEGRATION-0.26.0 (0.26,Jobs) 0.26.0
[INFO] --------------------------------[ jar ]---------------------------------
[WARNING] The POM for org.apache.commons:commons-compress:jar:1.19 is missing, no dependency information available
[WARNING] The POM for commons-collections:commons-collections:jar:3.2.2 is missing, no dependency information available
[WARNING] The POM for org.apache.commons:commons-lang3:jar:3.8.1 is missing, no dependency information available
[WARNING] The POM for javax.xml.bind:jaxb-api:jar:2.3.1 is missing, no dependency information available
[WARNING] The POM for javax.xml.ws:jaxws-api:jar:2.3.1 is missing, no dependency information available
[WARNING] The POM for org.antlr:ST4:jar:4.0.7 is missing, no dependency information available
[WARNING] The POM for org.antlr:antlr-runtime:jar:3.5 is missing, no dependency information available
[WARNING] The POM for org.antlr:antlr4-runtime:jar:4.6 is missing, no dependency information available
[WARNING] The POM for com.google.auto:auto-common:jar:0.3 is missing, no dependency information available
[WARNING] The POM for com.google.auto.service:auto-service:jar:1.0-rc2 is missing, no dependency information available
[WARNING] The POM for org.apache.avro:avro:jar:1.8.1 is missing, no dependency information available
[WARNING] The POM for org.talend.components:components-api:jar:0.28.0-SNAPSHOT is missing, no dependency information available
[WARNING] The POM for org.talend.components:components-common:jar:0.28.0-SNAPSHOT is missing, no dependency information available
[WARNING] The POM for org.talend.components:components-common-oauth:jar:0.28.0-SNAPSHOT is missing, no dependency information available
[WARNING] The POM for org.talend.components:components-salesforce-definition:jar:0.28.0-SNAPSHOT is missing, no dependency information available
[WARNING] The POM for org.talend.components:components-salesforce-runtime:jar:0.28.0-SNAPSHOT is missing, no dependency information available
[WARNING] The POM for org.talend.daikon:daikon:jar:0.31.8 is missing, no dependency information available
[WARNING] The POM for org.talend.daikon:daikon-exception:jar:0.31.8 is missing, no dependency information available
[WARNING] The POM for com.force.api:force-partner-api:jar:46.0.0 is missing, no dependency information available
[WARNING] The POM for com.force.api:force-wsc:jar:46.0.0 is missing, no dependency information available
[WARNING] The POM for com.google.guava:guava:jar:20.0 is missing, no dependency information available
[WARNING] The POM for org.apache.httpcomponents:httpclient:jar:4.5.5 is missing, no dependency information available
[WARNING] The POM for org.apache.httpcomponents:httpcore:jar:4.4.9 is missing, no dependency information available
[WARNING] The POM for com.fasterxml.jackson.core:jackson-annotations:jar:2.9.0 is missing, no dependency information available
[WARNING] The POM for com.fasterxml.jackson.core:jackson-core:jar:2.9.9 is missing, no dependency information available
[WARNING] The POM for org.codehaus.jackson:jackson-core-asl:jar:1.9.14-TALEND is missing, no dependency information available
[WARNING] The POM for com.fasterxml.jackson.core:jackson-databind:jar:2.9.9 is missing, no dependency information available
[WARNING] The POM for org.codehaus.jackson:jackson-mapper-asl:jar:1.9.14-TALEND is missing, no dependency information available
[WARNING] The POM for net.sourceforge.javacsv:javacsv:jar:2.0 is missing, no dependency information available
[WARNING] The POM for joda-time:joda-time:jar:2.8.2 is missing, no dependency information available
[WARNING] The POM for org.json:json:jar:20140107 is missing, no dependency information available
[WARNING] The POM for com.cedarsoftware:json-io:jar:4.9.9-TALEND is missing, no dependency information available
[WARNING] The POM for org.apache.oltu.oauth2:org.apache.oltu.oauth2.client:jar:1.0.0 is missing, no dependency information available
[WARNING] The POM for org.apache.oltu.oauth2:org.apache.oltu.oauth2.common:jar:1.0.0 is missing, no dependency information available
[WARNING] The POM for org.osgi:org.osgi.service.component.annotations:jar:1.3.0 is missing, no dependency information available
[WARNING] The POM for org.ops4j.pax.url:pax-url-aether:jar:2.4.7 is missing, no dependency information available
[WARNING] The POM for org.xerial.snappy:snappy-java:jar:1.1.1.3 is missing, no dependency information available
[WARNING] The POM for org.talend.components.lib:talend-proxy:jar:1.0.0 is missing, no dependency information available
[INFO] 
[INFO] --- maven-resources-plugin:3.0.2:resources (default-resources) @ BUY_INTEGRATION ---
[WARNING] Using platform encoding (UTF-8 actually) to copy filtered resources, i.e. build is platform dependent!
[INFO] Copying 2 resources
[INFO] 
[INFO] --- maven-compiler-plugin:3.6.1:compile (default-compile) @ BUY_INTEGRATION ---
[WARNING] The POM for org.eclipse.platform:org.eclipse.osgi:jar:3.13.300 is missing, no dependency information available
[WARNING] The POM for org.apache.commons:commons-exec:jar:1.2 is missing, no dependency information available
[INFO] Not compiling main sources
[INFO] 
[INFO] --- maven-resources-plugin:3.0.2:testResources (default-testResources) @ BUY_INTEGRATION ---
[INFO] Not copying test resources
[INFO] 
[INFO] --- maven-compiler-plugin:3.6.1:testCompile (default-testCompile) @ BUY_INTEGRATION ---
[INFO] Not compiling test sources
[INFO] 
[INFO] --- maven-surefire-plugin:2.20:test (default-test) @ BUY_INTEGRATION ---
[INFO] Tests are skipped.
[INFO] 
[INFO] --- maven-jar-plugin:3.0.2:jar (default-jar) @ BUY_INTEGRATION ---
[INFO] Building jar: C:\TALEND\TOS_DI-20191031_1204-V7.3.1M3\workspace\DEV\poms\jobs\process\buy_integration_0.26\target\buy_integration_0_26.jar
[INFO] 
[INFO] --- maven-assembly-plugin:3.0.0:single (default) @ BUY_INTEGRATION ---
[INFO] Reading assembly descriptor: C:\TALEND\TOS_DI-20191031_1204-V7.3.1M3\workspace\DEV\poms\jobs\process\buy_integration_0.26/src/main/assemblies/assembly.xml
[WARNING] Missing POM for org.apache.commons:commons-compress:jar:1.19
[WARNING] Missing POM for commons-collections:commons-collections:jar:3.2.2
[WARNING] Missing POM for org.apache.commons:commons-lang3:jar:3.8.1
[WARNING] Missing POM for javax.xml.bind:jaxb-api:jar:2.3.1
[WARNING] Missing POM for javax.xml.ws:jaxws-api:jar:2.3.1
[WARNING] Missing POM for org.antlr:ST4:jar:4.0.7
[WARNING] Missing POM for org.antlr:antlr-runtime:jar:3.5
[WARNING] Missing POM for org.antlr:antlr4-runtime:jar:4.6
[WARNING] Missing POM for com.google.auto:auto-common:jar:0.3
[WARNING] Missing POM for com.google.auto.service:auto-service:jar:1.0-rc2
[WARNING] Missing POM for org.apache.avro:avro:jar:1.8.1
[WARNING] Missing POM for org.talend.components:components-api:jar:0.28.0-SNAPSHOT
[WARNING] Missing POM for org.talend.components:components-common:jar:0.28.0-SNAPSHOT
[WARNING] Missing POM for org.talend.components:components-common-oauth:jar:0.28.0-SNAPSHOT
[WARNING] Missing POM for org.talend.components:components-salesforce-definition:jar:0.28.0-SNAPSHOT
[WARNING] Missing POM for org.talend.components:components-salesforce-runtime:jar:0.28.0-SNAPSHOT
[WARNING] Missing POM for org.talend.daikon:daikon:jar:0.31.8
[WARNING] Missing POM for org.talend.daikon:daikon-exception:jar:0.31.8
[WARNING] Missing POM for com.force.api:force-partner-api:jar:46.0.0
[WARNING] Missing POM for com.force.api:force-wsc:jar:46.0.0
[WARNING] Missing POM for com.google.guava:guava:jar:20.0
[WARNING] Missing POM for org.apache.httpcomponents:httpclient:jar:4.5.5
[WARNING] Missing POM for org.apache.httpcomponents:httpcore:jar:4.4.9
[WARNING] Missing POM for com.fasterxml.jackson.core:jackson-annotations:jar:2.9.0
[WARNING] Missing POM for com.fasterxml.jackson.core:jackson-core:jar:2.9.9
[WARNING] Missing POM for org.codehaus.jackson:jackson-core-asl:jar:1.9.14-TALEND
[WARNING] Missing POM for com.fasterxml.jackson.core:jackson-databind:jar:2.9.9
[WARNING] Missing POM for org.codehaus.jackson:jackson-mapper-asl:jar:1.9.14-TALEND
[WARNING] Missing POM for net.sourceforge.javacsv:javacsv:jar:2.0
[WARNING] Missing POM for joda-time:joda-time:jar:2.8.2
[WARNING] Missing POM for org.json:json:jar:20140107
[WARNING] Missing POM for com.cedarsoftware:json-io:jar:4.9.9-TALEND
[WARNING] Missing POM for org.apache.oltu.oauth2:org.apache.oltu.oauth2.client:jar:1.0.0
[WARNING] Missing POM for org.apache.oltu.oauth2:org.apache.oltu.oauth2.common:jar:1.0.0
[WARNING] Missing POM for org.osgi:org.osgi.service.component.annotations:jar:1.3.0
[WARNING] Missing POM for org.ops4j.pax.url:pax-url-aether:jar:2.4.7
[WARNING] Missing POM for org.xerial.snappy:snappy-java:jar:1.1.1.3
[WARNING] Missing POM for org.talend.components.lib:talend-proxy:jar:1.0.0
[WARNING] The POM for org.apache.felix:maven-bundle-plugin:jar:2.1.0 is missing, no dependency information available
[WARNING] The POM for org.osgi:org.osgi.core:jar:4.1.0 is missing, no dependency information available
[WARNING] The POM for org.apache.maven:maven-core:jar:2.2.0 is missing, no dependency information available
[WARNING] The POM for org.apache.maven.reporting:maven-reporting-api:jar:2.2.1 is missing, no dependency information available
[WARNING] The POM for org.apache.maven.shared:maven-shared-utils:jar:0.7 is missing, no dependency information available
[WARNING] The POM for org.codehaus.plexus:plexus-archiver:jar:2.8.1 is missing, no dependency information available
[WARNING] The POM for org.codehaus.plexus:plexus-utils:jar:3.0.20 is missing, no dependency information available
[WARNING] The POM for org.codehaus.plexus:plexus-interpolation:jar:1.21 is missing, no dependency information available
[WARNING] The POM for org.apache.maven:maven-project:jar:2.2.0 is missing, no dependency information available
[WARNING] The POM for org.codehaus.plexus:plexus-utils:jar:1.5.7 is missing, no dependency information available
[WARNING] The POM for org.codehaus.plexus:plexus-classworlds:jar:1.2-alpha-9 is missing, no dependency information available
[WARNING] The POM for org.codehaus.plexus:plexus-container-default:jar:1.0-alpha-20 is missing, no dependency information available
[WARNING] The POM for commons-collections:commons-collections:jar:3.1 is missing, no dependency information available
[WARNING] The POM for org.apache.maven.wagon:wagon-ssh-external:jar:1.0-beta-2 is missing, no dependency information available
[INFO] Building zip: C:\TALEND\TOS_DI-20191031_1204-V7.3.1M3\workspace\DEV\poms\jobs\process\buy_integration_0.26\target\buy_integration_0_26.zip
[INFO] ------------------------------------------------------------------------
[INFO] BUILD SUCCESS
[INFO] ------------------------------------------------------------------------
[INFO] Total time: 12.564 s
[INFO] Finished at: 2022-07-26T14:57:32+02:00
[INFO] ------------------------------------------------------------------------
