[INFO] Disabling enhanced local repository: using legacy is strongly discouraged to ensure build reproducibility.
[INFO] Scanning for projects...
[WARNING] 
[WARNING] Some problems were encountered while building the effective model for org.example.dev.job:tld_createOrderAndOrderProductEDI:jar:0.1.0
[WARNING] 'dependencies.dependency.(groupId:artifactId:type:classifier)' must be unique: commons-beanutils:commons-beanutils:jar -> version 1.8.3 vs 1.9.3 @ line 110, column 17
[WARNING] 
[WARNING] It is highly recommended to fix these problems because they threaten the stability of your build.
[WARNING] 
[WARNING] For this reason, future Maven versions might no longer support building such malformed projects.
[WARNING] 
[INFO] 
[INFO] -------< org.example.dev.job:tld_createOrderAndOrderProductEDI >--------
[INFO] Building DEV tld_createOrderAndOrderProductEDI-0.1.0 (0.1,Jobs) 0.1.0
[INFO] --------------------------------[ jar ]---------------------------------
[WARNING] The POM for org.antlr:ST4:jar:4.0.7 is missing, no dependency information available
[WARNING] The POM for org.antlr:antlr-runtime:jar:3.5 is missing, no dependency information available
[WARNING] The POM for org.antlr:antlr4-runtime:jar:4.6 is missing, no dependency information available
[WARNING] The POM for com.google.auto:auto-common:jar:0.3 is missing, no dependency information available
[WARNING] The POM for com.google.auto.service:auto-service:jar:1.0-rc2 is missing, no dependency information available
[WARNING] The POM for org.apache.avro:avro:jar:1.8.1 is missing, no dependency information available
[WARNING] The POM for commons-collections:commons-collections:jar:3.2.2 is missing, no dependency information available
[WARNING] The POM for org.apache.commons:commons-compress:jar:1.19 is missing, no dependency information available
[WARNING] The POM for org.apache.commons:commons-lang3:jar:3.8.1 is missing, no dependency information available
[WARNING] The POM for org.talend.components:components-api:jar:0.28.0-SNAPSHOT is missing, no dependency information available
[WARNING] The POM for org.talend.components:components-common:jar:0.28.0-SNAPSHOT is missing, no dependency information available
[WARNING] The POM for org.talend.components:components-common-oauth:jar:0.28.0-SNAPSHOT is missing, no dependency information available
[WARNING] The POM for org.talend.components:components-salesforce-definition:jar:0.28.0-SNAPSHOT is missing, no dependency information available
[WARNING] The POM for org.talend.components:components-salesforce-runtime:jar:0.28.0-SNAPSHOT is missing, no dependency information available
[WARNING] The POM for org.apache.cxf:cxf-core:jar:3.3.1 is missing, no dependency information available
[WARNING] The POM for org.apache.cxf:cxf-rt-bindings-soap:jar:3.3.1 is missing, no dependency information available
[WARNING] The POM for org.apache.cxf:cxf-rt-databinding-jaxb:jar:3.3.1 is missing, no dependency information available
[WARNING] The POM for org.apache.cxf:cxf-rt-transports-http:jar:3.3.1 is missing, no dependency information available
[WARNING] The POM for org.apache.cxf:cxf-rt-wsdl:jar:3.3.1 is missing, no dependency information available
[WARNING] The POM for org.talend.daikon:daikon:jar:0.31.8 is missing, no dependency information available
[WARNING] The POM for org.talend.daikon:daikon-exception:jar:0.31.8 is missing, no dependency information available
[WARNING] The POM for com.force.api:force-partner-api:jar:46.0.0 is missing, no dependency information available
[WARNING] The POM for com.force.api:force-wsc:jar:46.0.0 is missing, no dependency information available
[WARNING] The POM for com.google.guava:guava:jar:20.0 is missing, no dependency information available
[WARNING] The POM for org.apache.httpcomponents:httpclient:jar:4.5.5 is missing, no dependency information available
[WARNING] The POM for org.apache.httpcomponents:httpcore:jar:4.4.9 is missing, no dependency information available
[WARNING] The POM for com.fasterxml.jackson.core:jackson-annotations:jar:2.9.0 is missing, no dependency information available
[WARNING] The POM for com.fasterxml.jackson.core:jackson-core:jar:2.9.9 is missing, no dependency information available
[WARNING] The POM for org.codehaus.jackson:jackson-core-asl:jar:1.9.14-TALEND is missing, no dependency information available
[WARNING] The POM for com.fasterxml.jackson.core:jackson-databind:jar:2.9.9 is missing, no dependency information available
[WARNING] The POM for org.codehaus.jackson:jackson-mapper-asl:jar:1.9.14-TALEND is missing, no dependency information available
[WARNING] The POM for net.sourceforge.javacsv:javacsv:jar:2.0 is missing, no dependency information available
[WARNING] The POM for joda-time:joda-time:jar:2.8.2 is missing, no dependency information available
[WARNING] The POM for org.json:json:jar:20140107 is missing, no dependency information available
[WARNING] The POM for com.cedarsoftware:json-io:jar:4.9.9-TALEND is missing, no dependency information available
[WARNING] The POM for org.apache.neethi:neethi:jar:3.1.1 is missing, no dependency information available
[WARNING] The POM for org.apache.oltu.oauth2:org.apache.oltu.oauth2.client:jar:1.0.0 is missing, no dependency information available
[WARNING] The POM for org.apache.oltu.oauth2:org.apache.oltu.oauth2.common:jar:1.0.0 is missing, no dependency information available
[WARNING] The POM for org.osgi:org.osgi.service.component.annotations:jar:1.3.0 is missing, no dependency information available
[WARNING] The POM for org.ops4j.pax.url:pax-url-aether:jar:2.4.7 is missing, no dependency information available
[WARNING] The POM for org.xerial.snappy:snappy-java:jar:1.1.1.3 is missing, no dependency information available
[WARNING] The POM for org.talend.components.lib:talend-proxy:jar:1.0.0 is missing, no dependency information available
[INFO] ------------------------------------------------------------------------
[INFO] BUILD FAILURE
[INFO] ------------------------------------------------------------------------
[INFO] Total time: 0.270 s
[INFO] Finished at: 2022-12-07T12:01:17+01:00
[INFO] ------------------------------------------------------------------------
[ERROR] Failed to execute goal on project tld_createOrderAndOrderProductEDI: Could not resolve dependencies for project org.example.dev.job:tld_createOrderAndOrderProductEDI:jar:0.1.0: Failed to collect dependencies at commons-lang:commons-lang:jar:2.6: Failed to read artifact descriptor for commons-lang:commons-lang:jar:2.6: Cannot access central (https://repo.maven.apache.org/maven2) in offline mode and the artifact org.apache.commons:commons-parent:pom:17 has not been downloaded from it before. -> [Help 1]
[ERROR] 
[ERROR] To see the full stack trace of the errors, re-run Maven with the -e switch.
[ERROR] Re-run Maven using the -X switch to enable full debug logging.
[ERROR] 
[ERROR] For more information about the errors and possible solutions, please read the following articles:
[ERROR] [Help 1] http://cwiki.apache.org/confluence/display/MAVEN/DependencyResolutionException
