[INFO] Disabling enhanced local repository: using legacy is strongly discouraged to ensure build reproducibility.
[INFO] Scanning for projects...
[INFO] 
[INFO] ---------------< org.example.dev.job:GetSalesforceToken >---------------
[INFO] Building DEV GetSalesforceToken-4.0.0 (4.0,Jobs) 4.0.0
[INFO] --------------------------------[ jar ]---------------------------------
[WARNING] The POM for org.talend.libraries:commons-lang3-3.4:jar:6.0.0-SNAPSHOT is missing, no dependency information available
[WARNING] The POM for org.apache.cxf:cxf-core:jar:3.3.1 is missing, no dependency information available
[WARNING] The POM for org.apache.cxf:cxf-rt-bindings-soap:jar:3.3.1 is missing, no dependency information available
[WARNING] The POM for org.apache.cxf:cxf-rt-databinding-jaxb:jar:3.3.1 is missing, no dependency information available
[WARNING] The POM for org.apache.cxf:cxf-rt-transports-http:jar:3.3.1 is missing, no dependency information available
[WARNING] The POM for org.apache.cxf:cxf-rt-wsdl:jar:3.3.1 is missing, no dependency information available
[WARNING] The POM for com.google.guava:guava:jar:20.0 is missing, no dependency information available
[WARNING] The POM for org.talend.libraries:jackson-annotations-2.10.0:jar:6.0.0-SNAPSHOT is missing, no dependency information available
[WARNING] The POM for org.talend.libraries:jackson-core-2.10.0:jar:6.0.0-SNAPSHOT is missing, no dependency information available
[WARNING] The POM for org.talend.libraries:jackson-databind-2.10.0:jar:6.0.0-SNAPSHOT is missing, no dependency information available
[WARNING] The POM for javax.xml.bind:jaxb-api:jar:2.3.1 is missing, no dependency information available
[WARNING] The POM for javax.xml.ws:jaxws-api:jar:2.3.1 is missing, no dependency information available
[WARNING] The POM for org.talend.libraries:jlo-talendcomp-json-16.6:jar:6.0.0-SNAPSHOT is missing, no dependency information available
[WARNING] The POM for org.talend.libraries:json-path-2.4.0:jar:6.0.0-SNAPSHOT is missing, no dependency information available
[WARNING] The POM for org.talend.libraries:json-schema-validator-1.0.16:jar:6.0.0-SNAPSHOT is missing, no dependency information available
[WARNING] The POM for org.apache.neethi:neethi:jar:3.1.1 is missing, no dependency information available
[WARNING] The POM for org.talend.libraries:slf4j-simple-1.6.1:jar:6.0.0-SNAPSHOT is missing, no dependency information available
[INFO] ------------------------------------------------------------------------
[INFO] BUILD FAILURE
[INFO] ------------------------------------------------------------------------
[INFO] Total time: 0.257 s
[INFO] Finished at: 2022-12-07T12:09:18+01:00
[INFO] ------------------------------------------------------------------------
[ERROR] Failed to execute goal on project GetSalesforceToken: Could not resolve dependencies for project org.example.dev.job:GetSalesforceToken:jar:4.0.0: The following artifacts could not be resolved: org.talend.libraries:commons-lang3-3.4:jar:6.0.0-SNAPSHOT, org.talend.libraries:jackson-annotations-2.10.0:jar:6.0.0-SNAPSHOT, org.talend.libraries:jackson-core-2.10.0:jar:6.0.0-SNAPSHOT, org.talend.libraries:jackson-databind-2.10.0:jar:6.0.0-SNAPSHOT, org.talend.libraries:jlo-talendcomp-json-16.6:jar:6.0.0-SNAPSHOT, org.talend.libraries:json-path-2.4.0:jar:6.0.0-SNAPSHOT, org.talend.libraries:json-schema-validator-1.0.16:jar:6.0.0-SNAPSHOT, org.talend.libraries:mssql-jdbc:jar:6.0.0, org.talend.libraries:slf4j-simple-1.6.1:jar:6.0.0-SNAPSHOT: Could not find artifact org.talend.libraries:commons-lang3-3.4:jar:6.0.0-SNAPSHOT -> [Help 1]
[ERROR] 
[ERROR] To see the full stack trace of the errors, re-run Maven with the -e switch.
[ERROR] Re-run Maven using the -X switch to enable full debug logging.
[ERROR] 
[ERROR] For more information about the errors and possible solutions, please read the following articles:
[ERROR] [Help 1] http://cwiki.apache.org/confluence/display/MAVEN/DependencyResolutionException
