[INFO] Scanning for projects...
[INFO] 
[INFO] -----------< org.example.dev.job:UploadAssetIntoBynder_PROD >-----------
[INFO] Building DEV UploadAssetIntoBynder_PROD-1.13.0 (1.13,Jobs) 1.13.0
[INFO] --------------------------------[ jar ]---------------------------------
[WARNING] The POM for org.talend.libraries:jboss-serialization:jar:6.0.0 is missing, no dependency information available
[WARNING] The POM for org.talend.libraries:mssql-jdbc:jar:6.0.0 is missing, no dependency information available
[WARNING] The POM for org.talend.libraries:trove:jar:6.0.0 is missing, no dependency information available
[WARNING] The POM for org.talend.components:components-api:jar:0.28.0-SNAPSHOT is missing, no dependency information available
[WARNING] The POM for org.talend.components:components-common:jar:0.28.0-SNAPSHOT is missing, no dependency information available
[WARNING] The POM for org.talend.components:components-common-oauth:jar:0.28.0-SNAPSHOT is missing, no dependency information available
[WARNING] The POM for org.talend.components:components-salesforce-definition:jar:0.28.0-SNAPSHOT is missing, no dependency information available
[WARNING] The POM for org.talend.components:components-salesforce-runtime:jar:0.28.0-SNAPSHOT is missing, no dependency information available
[WARNING] The POM for org.talend.daikon:daikon:jar:0.31.8 is missing, no dependency information available
[WARNING] The POM for org.talend.daikon:daikon-exception:jar:0.31.8 is missing, no dependency information available
[WARNING] The POM for org.codehaus.jackson:jackson-core-asl:jar:1.9.14-TALEND is missing, no dependency information available
[WARNING] The POM for org.codehaus.jackson:jackson-mapper-asl:jar:1.9.14-TALEND is missing, no dependency information available
[WARNING] The POM for com.cedarsoftware:json-io:jar:4.9.9-TALEND is missing, no dependency information available
[WARNING] The POM for org.talend.components.lib:talend-proxy:jar:1.0.0 is missing, no dependency information available
[INFO] 
[INFO] --- maven-resources-plugin:3.0.2:resources (default-resources) @ UploadAssetIntoBynder_PROD ---
[WARNING] Using platform encoding (UTF-8 actually) to copy filtered resources, i.e. build is platform dependent!
[INFO] Copying 2 resources
[INFO] 
[INFO] --- maven-compiler-plugin:3.6.1:compile (default-compile) @ UploadAssetIntoBynder_PROD ---
[INFO] Not compiling main sources
[INFO] 
[INFO] --- maven-resources-plugin:3.0.2:testResources (default-testResources) @ UploadAssetIntoBynder_PROD ---
[INFO] Not copying test resources
[INFO] 
[INFO] --- maven-compiler-plugin:3.6.1:testCompile (default-testCompile) @ UploadAssetIntoBynder_PROD ---
[INFO] Not compiling test sources
[INFO] 
[INFO] --- maven-surefire-plugin:2.20:test (default-test) @ UploadAssetIntoBynder_PROD ---
[INFO] Tests are skipped.
[INFO] 
[INFO] --- maven-jar-plugin:3.0.2:jar (default-jar) @ UploadAssetIntoBynder_PROD ---
[INFO] Building jar: C:\TALEND\TOS_DI-20191031_1204-V7.3.1M3\workspace\DEV\poms\jobs\process\Salesforce_Bynder\Bynder\uploadassetintobynder_prod_1.13\target\uploadassetintobynder_prod_1_13.jar
[INFO] 
[INFO] --- maven-assembly-plugin:3.0.0:single (default) @ UploadAssetIntoBynder_PROD ---
[INFO] Reading assembly descriptor: C:\TALEND\TOS_DI-20191031_1204-V7.3.1M3\workspace\DEV\poms\jobs\process\Salesforce_Bynder\Bynder\uploadassetintobynder_prod_1.13/src/main/assemblies/assembly.xml
[WARNING] Missing POM for org.talend.libraries:jboss-serialization:jar:6.0.0
[WARNING] Missing POM for org.talend.libraries:mssql-jdbc:jar:6.0.0
[WARNING] Missing POM for org.talend.libraries:trove:jar:6.0.0
[WARNING] Missing POM for org.talend.components:components-api:jar:0.28.0-SNAPSHOT
[WARNING] Missing POM for org.talend.components:components-common:jar:0.28.0-SNAPSHOT
[WARNING] Missing POM for org.talend.components:components-common-oauth:jar:0.28.0-SNAPSHOT
[WARNING] Missing POM for org.talend.components:components-salesforce-definition:jar:0.28.0-SNAPSHOT
[WARNING] Missing POM for org.talend.components:components-salesforce-runtime:jar:0.28.0-SNAPSHOT
[WARNING] Missing POM for org.talend.daikon:daikon:jar:0.31.8
[WARNING] Missing POM for org.talend.daikon:daikon-exception:jar:0.31.8
[WARNING] Missing POM for org.codehaus.jackson:jackson-core-asl:jar:1.9.14-TALEND
[WARNING] Missing POM for org.codehaus.jackson:jackson-mapper-asl:jar:1.9.14-TALEND
[WARNING] Missing POM for com.cedarsoftware:json-io:jar:4.9.9-TALEND
[WARNING] Missing POM for org.talend.components.lib:talend-proxy:jar:1.0.0
[INFO] Building zip: C:\TALEND\TOS_DI-20191031_1204-V7.3.1M3\workspace\DEV\poms\jobs\process\Salesforce_Bynder\Bynder\uploadassetintobynder_prod_1.13\target\uploadassetintobynder_prod_1_13.zip
[INFO] ------------------------------------------------------------------------
[INFO] BUILD SUCCESS
[INFO] ------------------------------------------------------------------------
[INFO] Total time: 5.781 s
[INFO] Finished at: 2023-09-19T12:13:35+02:00
[INFO] ------------------------------------------------------------------------
