[INFO] Disabling enhanced local repository: using legacy is strongly discouraged to ensure build reproducibility.
[INFO] Scanning for projects...
[INFO] 
[INFO] ------------< org.example.dev.job:BUY_EXTRACT_REFERENTIAL >-------------
[INFO] Building DEV BUY_EXTRACT_REFERENTIAL-0.10.0 (0.10,Jobs) 0.10.0
[INFO] --------------------------------[ jar ]---------------------------------
[WARNING] The POM for org.apache.commons:commons-compress:jar:1.19 is missing, no dependency information available
[WARNING] The POM for org.apache.commons:commons-lang3:jar:3.8.1 is missing, no dependency information available
[INFO] 
[INFO] --- maven-resources-plugin:3.0.2:resources (default-resources) @ BUY_EXTRACT_REFERENTIAL ---
[WARNING] Using platform encoding (UTF-8 actually) to copy filtered resources, i.e. build is platform dependent!
[INFO] Copying 1 resource
[INFO] 
[INFO] --- maven-compiler-plugin:3.6.1:compile (default-compile) @ BUY_EXTRACT_REFERENTIAL ---
[WARNING] The POM for org.eclipse.platform:org.eclipse.osgi:jar:3.13.300 is missing, no dependency information available
[WARNING] The POM for org.apache.commons:commons-exec:jar:1.2 is missing, no dependency information available
[INFO] Not compiling main sources
[INFO] 
[INFO] --- maven-resources-plugin:3.0.2:testResources (default-testResources) @ BUY_EXTRACT_REFERENTIAL ---
[INFO] Not copying test resources
[INFO] 
[INFO] --- maven-compiler-plugin:3.6.1:testCompile (default-testCompile) @ BUY_EXTRACT_REFERENTIAL ---
[INFO] Not compiling test sources
[INFO] 
[INFO] --- maven-surefire-plugin:2.20:test (default-test) @ BUY_EXTRACT_REFERENTIAL ---
[INFO] Tests are skipped.
[INFO] 
[INFO] --- maven-jar-plugin:3.0.2:jar (default-jar) @ BUY_EXTRACT_REFERENTIAL ---
[INFO] Building jar: C:\TALEND\TOS_DI-20191031_1204-V7.3.1M3\workspace\DEV\poms\jobs\process\buy_extract_referential_0.10\target\buy_extract_referential_0_10.jar
[INFO] 
[INFO] --- maven-assembly-plugin:3.0.0:single (default) @ BUY_EXTRACT_REFERENTIAL ---
[INFO] Reading assembly descriptor: C:\TALEND\TOS_DI-20191031_1204-V7.3.1M3\workspace\DEV\poms\jobs\process\buy_extract_referential_0.10/src/main/assemblies/assembly.xml
[WARNING] Missing POM for org.apache.commons:commons-compress:jar:1.19
[WARNING] Missing POM for org.apache.commons:commons-lang3:jar:3.8.1
[WARNING] The POM for org.apache.felix:maven-bundle-plugin:jar:2.1.0 is missing, no dependency information available
[INFO] Building zip: C:\TALEND\TOS_DI-20191031_1204-V7.3.1M3\workspace\DEV\poms\jobs\process\buy_extract_referential_0.10\target\buy_extract_referential_0_10.zip
[INFO] ------------------------------------------------------------------------
[INFO] BUILD SUCCESS
[INFO] ------------------------------------------------------------------------
[INFO] Total time: 5.101 s
[INFO] Finished at: 2022-07-26T17:01:54+02:00
[INFO] ------------------------------------------------------------------------
