[INFO] Scanning for projects...
[INFO] 
[INFO] ---------------< org.example.dev.job:MASTERFILE_PRICES >----------------
[INFO] Building DEV MASTERFILE_PRICES-0.36.0 (0.36,Jobs) 0.36.0
[INFO] --------------------------------[ jar ]---------------------------------
[WARNING] The POM for org.talend.libraries:mssql-jdbc:jar:6.0.0 is missing, no dependency information available
[WARNING] The POM for org.talend.libraries:jboss-serialization:jar:6.0.0 is missing, no dependency information available
[WARNING] The POM for org.talend.libraries:trove:jar:6.0.0 is missing, no dependency information available
[INFO] 
[INFO] --- maven-resources-plugin:3.0.2:resources (default-resources) @ MASTERFILE_PRICES ---
[WARNING] Using platform encoding (UTF-8 actually) to copy filtered resources, i.e. build is platform dependent!
[INFO] Copying 2 resources
[INFO] 
[INFO] --- maven-compiler-plugin:3.6.1:compile (default-compile) @ MASTERFILE_PRICES ---
[INFO] Not compiling main sources
[INFO] 
[INFO] --- maven-resources-plugin:3.0.2:testResources (default-testResources) @ MASTERFILE_PRICES ---
[INFO] Not copying test resources
[INFO] 
[INFO] --- maven-compiler-plugin:3.6.1:testCompile (default-testCompile) @ MASTERFILE_PRICES ---
[INFO] Not compiling test sources
[INFO] 
[INFO] --- maven-surefire-plugin:2.20:test (default-test) @ MASTERFILE_PRICES ---
[INFO] Tests are skipped.
[INFO] 
[INFO] --- maven-jar-plugin:3.0.2:jar (default-jar) @ MASTERFILE_PRICES ---
[INFO] Building jar: C:\TALEND\TOS_DI-20191031_1204-V7.3.1M3\workspace\DEV\poms\jobs\process\masterfile_prices_0.36\target\masterfile_prices_0_36.jar
[INFO] 
[INFO] --- maven-assembly-plugin:3.0.0:single (default) @ MASTERFILE_PRICES ---
[INFO] Reading assembly descriptor: C:\TALEND\TOS_DI-20191031_1204-V7.3.1M3\workspace\DEV\poms\jobs\process\masterfile_prices_0.36/src/main/assemblies/assembly.xml
[WARNING] Missing POM for org.talend.libraries:mssql-jdbc:jar:6.0.0
[WARNING] Missing POM for org.talend.libraries:jboss-serialization:jar:6.0.0
[WARNING] Missing POM for org.talend.libraries:trove:jar:6.0.0
[INFO] Building zip: C:\TALEND\TOS_DI-20191031_1204-V7.3.1M3\workspace\DEV\poms\jobs\process\masterfile_prices_0.36\target\masterfile_prices_0_36.zip
[INFO] ------------------------------------------------------------------------
[INFO] BUILD SUCCESS
[INFO] ------------------------------------------------------------------------
[INFO] Total time: 3.930 s
[INFO] Finished at: 2023-03-08T11:10:52+01:00
[INFO] ------------------------------------------------------------------------
