[INFO] Scanning for projects...
[INFO] 
[INFO] -------< org.example.dev.job:recoverAssetsFromBynderToSF-bundle >-------
[INFO] Building DEV recoverAssetsFromBynderToSF-0.4.0 (0.4,Jobs) Bundle 0.4.0
[INFO] -------------------------------[ bundle ]-------------------------------
[WARNING] The POM for org.talend.components:components-api:jar:0.28.0-SNAPSHOT is missing, no dependency information available
[WARNING] The POM for org.talend.components:components-common:jar:0.28.0-SNAPSHOT is missing, no dependency information available
[WARNING] The POM for org.talend.components:components-common-oauth:jar:0.28.0-SNAPSHOT is missing, no dependency information available
[WARNING] The POM for org.talend.components:components-salesforce-definition:jar:0.28.0-SNAPSHOT is missing, no dependency information available
[WARNING] The POM for org.talend.components:components-salesforce-runtime:jar:0.28.0-SNAPSHOT is missing, no dependency information available
[WARNING] The POM for org.talend.daikon:daikon:jar:0.31.8 is missing, no dependency information available
[WARNING] The POM for org.talend.daikon:daikon-exception:jar:0.31.8 is missing, no dependency information available
[WARNING] The POM for org.codehaus.jackson:jackson-core-asl:jar:1.9.14-TALEND is missing, no dependency information available
[WARNING] The POM for org.codehaus.jackson:jackson-mapper-asl:jar:1.9.14-TALEND is missing, no dependency information available
[WARNING] The POM for org.talend.libraries:jboss-serialization:jar:6.0.0 is missing, no dependency information available
[WARNING] The POM for com.cedarsoftware:json-io:jar:4.9.9-TALEND is missing, no dependency information available
[WARNING] The POM for org.talend.components.lib:talend-proxy:jar:1.0.0 is missing, no dependency information available
[WARNING] The POM for org.talend.libraries:trove:jar:6.0.0 is missing, no dependency information available
[INFO] 
[INFO] --- maven-resources-plugin:3.0.2:resources (default-resources) @ recoverAssetsFromBynderToSF-bundle ---
[INFO] Using 'UTF-8' encoding to copy filtered resources.
[INFO] Copying 0 resource
[INFO] 
[INFO] --- maven-compiler-plugin:3.6.1:compile (default-compile) @ recoverAssetsFromBynderToSF-bundle ---
[INFO] Not compiling main sources
[INFO] 
[INFO] --- maven-resources-plugin:3.0.2:testResources (default-testResources) @ recoverAssetsFromBynderToSF-bundle ---
[INFO] Not copying test resources
[INFO] 
[INFO] --- maven-compiler-plugin:3.6.1:testCompile (default-testCompile) @ recoverAssetsFromBynderToSF-bundle ---
[INFO] Not compiling test sources
[INFO] 
[INFO] --- maven-surefire-plugin:2.20:test (default-test) @ recoverAssetsFromBynderToSF-bundle ---
[INFO] Tests are skipped.
[INFO] 
[INFO] --- maven-bundle-plugin:2.5.3:bundle (default-bundle) @ recoverAssetsFromBynderToSF-bundle ---
[WARNING] Bundle org.example.dev.job:recoverAssetsFromBynderToSF-bundle:bundle:0.4.0 : Invalid package name: '@BundleConfigExportPackage@'
[WARNING] Bundle org.example.dev.job:recoverAssetsFromBynderToSF-bundle:bundle:0.4.0 : Invalid package name: '@BundleConfigImportPackage@'
[INFO] 
[INFO] --- maven-assembly-plugin:3.0.0:single (default) @ recoverAssetsFromBynderToSF-bundle ---
[INFO] Reading assembly descriptor: C:\TALEND\TOS_DI-20191031_1204-V7.3.1M3\workspace\DEV\poms\jobs\process\Salesforce_Bynder\Bynder\updateimageinsalesforce_v2_0.4/src/main/assemblies/assembly.xml
[WARNING] Missing POM for org.talend.components:components-api:jar:0.28.0-SNAPSHOT
[WARNING] Missing POM for org.talend.components:components-common:jar:0.28.0-SNAPSHOT
[WARNING] Missing POM for org.talend.components:components-common-oauth:jar:0.28.0-SNAPSHOT
[WARNING] Missing POM for org.talend.components:components-salesforce-definition:jar:0.28.0-SNAPSHOT
[WARNING] Missing POM for org.talend.components:components-salesforce-runtime:jar:0.28.0-SNAPSHOT
[WARNING] Missing POM for org.talend.daikon:daikon:jar:0.31.8
[WARNING] Missing POM for org.talend.daikon:daikon-exception:jar:0.31.8
[WARNING] Missing POM for org.codehaus.jackson:jackson-core-asl:jar:1.9.14-TALEND
[WARNING] Missing POM for org.codehaus.jackson:jackson-mapper-asl:jar:1.9.14-TALEND
[WARNING] Missing POM for org.talend.libraries:jboss-serialization:jar:6.0.0
[WARNING] Missing POM for com.cedarsoftware:json-io:jar:4.9.9-TALEND
[WARNING] Missing POM for org.talend.components.lib:talend-proxy:jar:1.0.0
[WARNING] Missing POM for org.talend.libraries:trove:jar:6.0.0
[WARNING] The following patterns were never triggered in this artifact inclusion filter:
o  'org.example.dev.job:recoverAssetsFromBynderToSF:jar:0.4.0'

[INFO] Building jar: C:\TALEND\TOS_DI-20191031_1204-V7.3.1M3\workspace\DEV\poms\jobs\process\Salesforce_Bynder\Bynder\updateimageinsalesforce_v2_0.4\target\recoverAssetsFromBynderToSF-bundle-0.4.0.jar
[INFO] ------------------------------------------------------------------------
[INFO] BUILD SUCCESS
[INFO] ------------------------------------------------------------------------
[INFO] Total time: 12.161 s
[INFO] Finished at: 2023-12-15T14:35:34Z
[INFO] ------------------------------------------------------------------------
