[INFO] Scanning for projects...
[INFO] 
[INFO] ------------< org.example.dev.job:BUY_EXTRACT_REFERENTIAL >-------------
[INFO] Building DEV BUY_EXTRACT_REFERENTIAL-0.11.0 (0.11,Jobs) 0.11.0
[INFO] --------------------------------[ jar ]---------------------------------
[WARNING] The POM for org.talend.libraries:mssql-jdbc:jar:6.0.0 is missing, no dependency information available
[INFO] 
[INFO] --- maven-resources-plugin:3.0.2:resources (default-resources) @ BUY_EXTRACT_REFERENTIAL ---
[WARNING] Using platform encoding (UTF-8 actually) to copy filtered resources, i.e. build is platform dependent!
[INFO] Copying 1 resource
[INFO] 
[INFO] --- maven-compiler-plugin:3.6.1:compile (default-compile) @ BUY_EXTRACT_REFERENTIAL ---
[INFO] Not compiling main sources
[INFO] 
[INFO] --- maven-resources-plugin:3.0.2:testResources (default-testResources) @ BUY_EXTRACT_REFERENTIAL ---
[INFO] Not copying test resources
[INFO] 
[INFO] --- maven-compiler-plugin:3.6.1:testCompile (default-testCompile) @ BUY_EXTRACT_REFERENTIAL ---
[INFO] Not compiling test sources
[INFO] 
[INFO] --- maven-surefire-plugin:2.20:test (default-test) @ BUY_EXTRACT_REFERENTIAL ---
[INFO] Tests are skipped.
[INFO] 
[INFO] --- maven-jar-plugin:3.0.2:jar (default-jar) @ BUY_EXTRACT_REFERENTIAL ---
[INFO] Building jar: C:\TALEND\TOS_DI-20191031_1204-V7.3.1M3\workspace\DEV\poms\jobs\process\buy_extract_referential_0.11\target\buy_extract_referential_0_11.jar
[INFO] 
[INFO] --- maven-assembly-plugin:3.0.0:single (default) @ BUY_EXTRACT_REFERENTIAL ---
[INFO] Reading assembly descriptor: C:\TALEND\TOS_DI-20191031_1204-V7.3.1M3\workspace\DEV\poms\jobs\process\buy_extract_referential_0.11/src/main/assemblies/assembly.xml
[WARNING] Missing POM for org.talend.libraries:mssql-jdbc:jar:6.0.0
[INFO] Building zip: C:\TALEND\TOS_DI-20191031_1204-V7.3.1M3\workspace\DEV\poms\jobs\process\buy_extract_referential_0.11\target\buy_extract_referential_0_11.zip
[INFO] ------------------------------------------------------------------------
[INFO] BUILD SUCCESS
[INFO] ------------------------------------------------------------------------
[INFO] Total time: 12.879 s
[INFO] Finished at: 2023-01-24T17:29:33+01:00
[INFO] ------------------------------------------------------------------------
