[INFO] Scanning for projects...
[INFO] 
[INFO] -----------------< org.example.dev.job:TRANSFORM_OSG >------------------
[INFO] Building DEV TRANSFORM_OSG-0.14.0 (0.14,Jobs) 0.14.0
[INFO] --------------------------------[ jar ]---------------------------------
[WARNING] The POM for org.talend.libraries:mssql-jdbc:jar:6.0.0 is missing, no dependency information available
[INFO] 
[INFO] --- maven-resources-plugin:3.0.2:resources (default-resources) @ TRANSFORM_OSG ---
[WARNING] Using platform encoding (UTF-8 actually) to copy filtered resources, i.e. build is platform dependent!
[INFO] Copying 3 resources
[INFO] 
[INFO] --- maven-compiler-plugin:3.6.1:compile (default-compile) @ TRANSFORM_OSG ---
[INFO] Not compiling main sources
[INFO] 
[INFO] --- maven-resources-plugin:3.0.2:testResources (default-testResources) @ TRANSFORM_OSG ---
[INFO] Not copying test resources
[INFO] 
[INFO] --- maven-compiler-plugin:3.6.1:testCompile (default-testCompile) @ TRANSFORM_OSG ---
[INFO] Not compiling test sources
[INFO] 
[INFO] --- maven-surefire-plugin:2.20:test (default-test) @ TRANSFORM_OSG ---
[INFO] Tests are skipped.
[INFO] 
[INFO] --- maven-jar-plugin:3.0.2:jar (default-jar) @ TRANSFORM_OSG ---
[INFO] Building jar: C:\TALEND\TOS_DI-20191031_1204-V7.3.1M3\workspace\DEV\poms\jobs\process\OSG\transform_osg_0.14\target\transform_osg_0_14.jar
[INFO] 
[INFO] --- maven-assembly-plugin:3.0.0:single (default) @ TRANSFORM_OSG ---
[INFO] Reading assembly descriptor: C:\TALEND\TOS_DI-20191031_1204-V7.3.1M3\workspace\DEV\poms\jobs\process\OSG\transform_osg_0.14/src/main/assemblies/assembly.xml
[WARNING] Missing POM for org.talend.libraries:mssql-jdbc:jar:6.0.0
[INFO] Building zip: C:\TALEND\TOS_DI-20191031_1204-V7.3.1M3\workspace\DEV\poms\jobs\process\OSG\transform_osg_0.14\target\transform_osg_0_14.zip
[INFO] ------------------------------------------------------------------------
[INFO] BUILD SUCCESS
[INFO] ------------------------------------------------------------------------
[INFO] Total time: 6.205 s
[INFO] Finished at: 2023-05-26T10:12:32+02:00
[INFO] ------------------------------------------------------------------------
